<?xml version="1.0" encoding="UTF-8"?>
<testng-results skipped="0" failed="0" ignored="0" total="1" passed="1">
  <reporter-output>
  </reporter-output>
  <suite name="Default suite" duration-ms="52751" started-at="2017-09-19T13:49:46Z" finished-at="2017-09-19T13:50:38Z">
    <groups>
    </groups>
    <test name="Default test" duration-ms="52751" started-at="2017-09-19T13:49:46Z" finished-at="2017-09-19T13:50:38Z">
      <class name="iFramePrctice.Iframeprctic">
        <test-method status="PASS" signature="ifram()[pri:0, instance:iFramePrctice.Iframeprctic@1057a39]" name="ifram" duration-ms="52734" started-at="2017-09-19T19:19:46Z" finished-at="2017-09-19T19:20:38Z">
          <reporter-output>
          </reporter-output>
        </test-method> <!-- ifram -->
      </class> <!-- iFramePrctice.Iframeprctic -->
    </test> <!-- Default test -->
  </suite> <!-- Default suite -->
</testng-results>
