<?xml version="1.0" encoding="UTF-8"?>
<testng-results skipped="0" failed="0" total="2" passed="2">
  <reporter-output>
  </reporter-output>
  <suite name="Suite" duration-ms="31" started-at="2017-08-07T14:23:25Z" finished-at="2017-08-07T14:23:26Z">
    <groups>
      <group name="test1">
        <method signature="Annotations.test()[pri:0, instance:testNgPractice.Annotations@a48474]" name="test" class="testNgPractice.Annotations"/>
        <method signature="Annotations.test1()[pri:0, instance:testNgPractice.Annotations@a48474]" name="test1" class="testNgPractice.Annotations"/>
      </group> <!-- test1 -->
    </groups>
    <test name="Test" duration-ms="31" started-at="2017-08-07T14:23:25Z" finished-at="2017-08-07T14:23:26Z">
      <class name="testNgPractice.Annotations">
        <test-method status="PASS" signature="test1()[pri:0, instance:testNgPractice.Annotations@a48474]" name="test1" duration-ms="15" started-at="2017-08-07T19:53:25Z" finished-at="2017-08-07T19:53:26Z">
          <reporter-output>
          </reporter-output>
        </test-method> <!-- test1 -->
        <test-method status="PASS" signature="test()[pri:0, instance:testNgPractice.Annotations@a48474]" name="test" duration-ms="0" started-at="2017-08-07T19:53:25Z" finished-at="2017-08-07T19:53:25Z">
          <reporter-output>
          </reporter-output>
        </test-method> <!-- test -->
      </class> <!-- testNgPractice.Annotations -->
    </test> <!-- Test -->
  </suite> <!-- Suite -->
</testng-results>
